<?xml version="1.0" encoding="UTF-8"?>
<!-- Generated by org.testng.reporters.JUnitXMLReporter -->
<testsuite hostname="WIN-GEDESCREUP8" ignored="0" name="Default test" tests="4" failures="0" timestamp="05 Aug 2018 01:05:57 GMT" time="7.133" errors="0">
  <testcase name="testBMICalculator" time="0.386" classname="com.cookbook.first.TestNGddt"/>
  <testcase name="testBMICalculator" time="0.189" classname="com.cookbook.first.TestNGddt"/>
  <testcase name="testBMICalculator" time="0.185" classname="com.cookbook.first.TestNGddt"/>
  <testcase name="testBMICalculator" time="0.195" classname="com.cookbook.first.TestNGddt"/>
</testsuite> <!-- Default test -->
